<?xml version="1.0" encoding="UTF-8"?>
<!-- Generated by org.testng.reporters.JUnitReportReporter -->
<testsuite hostname="SHRAVIKA" name="com.selenium.Test.testCases" tests="9" failures="0" timestamp="30 Sep 2021 09:38:40 GMT" time="83.444" errors="0">
  <testcase name="storage" time="2.210" classname="com.selenium.Test.testCases"/>
  <testcase name="printItems" time="6.516" classname="com.selenium.Test.testCases"/>
  <testcase name="collections" time="1.187" classname="com.selenium.Test.testCases"/>
  <testcase name="printSubmenu" time="0.256" classname="com.selenium.Test.testCases"/>
  <testcase name="popup" time="16.112" classname="com.selenium.Test.testCases"/>
  <testcase name="giftCard" time="43.963" classname="com.selenium.Test.testCases"/>
  <testcase name="bookshelves" time="2.882" classname="com.selenium.Test.testCases"/>
  <testcase name="checkbox" time="2.573" classname="com.selenium.Test.testCases"/>
  <testcase name="slider" time="7.745" classname="com.selenium.Test.testCases"/>
</testsuite> <!-- com.selenium.Test.testCases -->
