<?xml version="1.0" encoding="UTF-8"?>
<!-- Generated by org.testng.reporters.JUnitReportReporter -->
<testsuite hostname="LAPTOP-2TH9Q1UJ" failures="0" tests="9" name="com.selenium.testbuild.testCases" time="56.617" errors="0" timestamp="2021-10-02T13:37:57 IST" skipped="0">
  <testcase classname="com.selenium.testbuild.testCases" name="popup" time="10.262"/>
  <system-out/>
  <testcase classname="com.selenium.testbuild.testCases" name="bookshelves" time="2.243"/>
  <system-out/>
  <testcase classname="com.selenium.testbuild.testCases" name="storage" time="0.825"/>
  <system-out/>
  <testcase classname="com.selenium.testbuild.testCases" name="slider" time="7.571"/>
  <system-out/>
  <testcase classname="com.selenium.testbuild.testCases" name="checkbox" time="2.526"/>
  <system-out/>
  <testcase classname="com.selenium.testbuild.testCases" name="printItems" time="0.917"/>
  <system-out/>
  <testcase classname="com.selenium.testbuild.testCases" name="collections" time="1.141"/>
  <system-out/>
  <testcase classname="com.selenium.testbuild.testCases" name="printSubmenu" time="0.267"/>
  <system-out/>
  <testcase classname="com.selenium.testbuild.testCases" name="giftCard" time="30.865"/>
  <system-out/>
</testsuite> <!-- com.selenium.testbuild.testCases -->
