<?xml version="1.0" encoding="UTF-8"?>
<!-- Generated by org.testng.reporters.JUnitReportReporter -->
<testsuite hostname="LAPTOP-2TH9Q1UJ" failures="0" tests="9" name="com.selenium.testbuild.testCases" time="55.711" errors="0" timestamp="2021-10-02T13:28:28 IST" skipped="0">
  <testcase classname="com.selenium.testbuild.testCases" name="popup" time="9.423"/>
  <system-out/>
  <testcase classname="com.selenium.testbuild.testCases" name="bookshelves" time="2.300"/>
  <system-out/>
  <testcase classname="com.selenium.testbuild.testCases" name="storage" time="0.778"/>
  <system-out/>
  <testcase classname="com.selenium.testbuild.testCases" name="slider" time="7.578"/>
  <system-out/>
  <testcase classname="com.selenium.testbuild.testCases" name="checkbox" time="2.499"/>
  <system-out/>
  <testcase classname="com.selenium.testbuild.testCases" name="printItems" time="0.936"/>
  <system-out/>
  <testcase classname="com.selenium.testbuild.testCases" name="collections" time="1.152"/>
  <system-out/>
  <testcase classname="com.selenium.testbuild.testCases" name="printSubmenu" time="0.274"/>
  <system-out/>
  <testcase classname="com.selenium.testbuild.testCases" name="giftCard" time="30.771"/>
  <system-out/>
</testsuite> <!-- com.selenium.testbuild.testCases -->
