<?xml version="1.0" encoding="UTF-8"?>
<!-- Generated by org.testng.reporters.JUnitReportReporter -->
<testsuite hostname="LAPTOP-2TH9Q1UJ" failures="0" tests="12" name="com.selenium.testbuild.testCases" time="72.793" errors="0" timestamp="2021-10-02T11:48:25 IST" skipped="0">
  <testcase classname="com.selenium.testbuild.testCases" name="aaavalidateHomePage" time="0.291"/>
  <system-out/>
  <testcase classname="com.selenium.testbuild.testCases" name="popup" time="10.600"/>
  <system-out/>
  <testcase classname="com.selenium.testbuild.testCases" name="bbbvalidateBookshelvesPage" time="3.389"/>
  <system-out/>
  <testcase classname="com.selenium.testbuild.testCases" name="bookshelves" time="2.551"/>
  <system-out/>
  <testcase classname="com.selenium.testbuild.testCases" name="storage" time="2.183"/>
  <system-out/>
  <testcase classname="com.selenium.testbuild.testCases" name="slider" time="8.861"/>
  <system-out/>
  <testcase classname="com.selenium.testbuild.testCases" name="checkbox" time="3.412"/>
  <system-out/>
  <testcase classname="com.selenium.testbuild.testCases" name="printItems" time="2.356"/>
  <system-out/>
  <testcase classname="com.selenium.testbuild.testCases" name="collections" time="1.895"/>
  <system-out/>
  <testcase classname="com.selenium.testbuild.testCases" name="printSubmenu" time="0.735"/>
  <system-out/>
  <testcase classname="com.selenium.testbuild.testCases" name="validateGiftCardPage" time="4.158"/>
  <system-out/>
  <testcase classname="com.selenium.testbuild.testCases" name="giftCard" time="32.362"/>
  <system-out/>
</testsuite> <!-- com.selenium.testbuild.testCases -->
